usage: /home/mluser/master8_projects/clustering_vacancies/elmo/elmoformanylangs/biLM.py
       [-h] [--seed SEED] [--gpu GPU] --train_path TRAIN_PATH
       [--valid_path VALID_PATH] [--test_path TEST_PATH] --config_path
       CONFIG_PATH [--word_embedding WORD_EMBEDDING]
       [--optimizer {sgd,adam,adagrad}] [--lr LR] [--lr_decay LR_DECAY]
       --model MODEL [--batch_size BATCH_SIZE] [--max_epoch MAX_EPOCH]
       [--clip_grad CLIP_GRAD] [--max_sent_len MAX_SENT_LEN]
       [--min_count MIN_COUNT] [--max_vocab_size MAX_VOCAB_SIZE]
       [--save_classify_layer] [--valid_size VALID_SIZE]
       [--eval_steps EVAL_STEPS]
/home/mluser/master8_projects/clustering_vacancies/elmo/elmoformanylangs/biLM.py: error: unrecognized arguments: --n_
2019-04-14 00:44:15,383 INFO: training instance: 7452, training tokens: 141590.
2019-04-14 00:44:15,445 INFO: Truncated word count: 8611.
2019-04-14 00:44:15,445 INFO: Original vocabulary size: 11447.
2019-04-14 00:44:15,483 INFO: Word embedding size: 4471
2019-04-14 00:44:15,652 INFO: Char embedding size: 99
2019-04-14 00:44:35,520 INFO: 233 batches, avg len: 20.0
2019-04-14 00:44:35,521 INFO: Evaluate every 233 batches.
2019-04-14 00:44:35,521 INFO: vocab size: 4471
/home/mluser/anaconda3/envs/master8_env/lib/python3.6/site-packages/torch/nn/_reduction.py:49: UserWarning: size_average and reduce args will be deprecated, please use reduction='sum' instead.
  warnings.warn(warning.format(ret))
2019-04-14 00:44:40,102 INFO: Model(
  (token_embedder): ConvTokenEmbedder(
    (word_emb_layer): EmbeddingLayer(
      (embedding): Embedding(4471, 100, padding_idx=3)
    )
    (char_emb_layer): EmbeddingLayer(
      (embedding): Embedding(99, 50, padding_idx=96)
    )
    (convolutions): ModuleList(
      (0): Conv1d(50, 32, kernel_size=(1,), stride=(1,))
      (1): Conv1d(50, 32, kernel_size=(2,), stride=(1,))
      (2): Conv1d(50, 64, kernel_size=(3,), stride=(1,))
      (3): Conv1d(50, 128, kernel_size=(4,), stride=(1,))
      (4): Conv1d(50, 256, kernel_size=(5,), stride=(1,))
      (5): Conv1d(50, 512, kernel_size=(6,), stride=(1,))
      (6): Conv1d(50, 1024, kernel_size=(7,), stride=(1,))
    )
    (highways): Highway(
      (_layers): ModuleList(
        (0): Linear(in_features=2048, out_features=4096, bias=True)
        (1): Linear(in_features=2048, out_features=4096, bias=True)
      )
    )
    (projection): Linear(in_features=2148, out_features=512, bias=True)
  )
  (encoder): ElmobiLm(
    (forward_layer_0): LstmCellWithProjection(
      (input_linearity): Linear(in_features=512, out_features=16384, bias=False)
      (state_linearity): Linear(in_features=512, out_features=16384, bias=True)
      (state_projection): Linear(in_features=4096, out_features=512, bias=False)
    )
    (backward_layer_0): LstmCellWithProjection(
      (input_linearity): Linear(in_features=512, out_features=16384, bias=False)
      (state_linearity): Linear(in_features=512, out_features=16384, bias=True)
      (state_projection): Linear(in_features=4096, out_features=512, bias=False)
    )
    (forward_layer_1): LstmCellWithProjection(
      (input_linearity): Linear(in_features=512, out_features=16384, bias=False)
      (state_linearity): Linear(in_features=512, out_features=16384, bias=True)
      (state_projection): Linear(in_features=4096, out_features=512, bias=False)
    )
    (backward_layer_1): LstmCellWithProjection(
      (input_linearity): Linear(in_features=512, out_features=16384, bias=False)
      (state_linearity): Linear(in_features=512, out_features=16384, bias=True)
      (state_projection): Linear(in_features=4096, out_features=512, bias=False)
    )
  )
  (classify_layer): SampledSoftmaxLayer(
    (criterion): CrossEntropyLoss()
    (column_emb): Embedding(4471, 512)
    (column_bias): Embedding(4471, 1)
  )
)
/home/mluser/master8_projects/clustering_vacancies/elmo/elmoformanylangs/biLM.py:349: UserWarning: torch.nn.utils.clip_grad_norm is now deprecated in favor of torch.nn.utils.clip_grad_norm_.
  torch.nn.utils.clip_grad_norm(model.parameters(), opt.clip_grad)
2019-04-14 00:47:56,415 INFO: Epoch=0 iter=32 lr=0.001000 train_ppl=1420.625366 time=196.30s
2019-04-14 00:51:11,483 INFO: Epoch=0 iter=64 lr=0.001000 train_ppl=1060.235229 time=195.07s
2019-04-14 00:54:30,213 INFO: Epoch=0 iter=96 lr=0.001000 train_ppl=905.640015 time=198.73s
2019-04-14 00:57:45,595 INFO: Epoch=0 iter=128 lr=0.001000 train_ppl=797.060120 time=195.38s
2019-04-14 01:01:01,406 INFO: Epoch=0 iter=160 lr=0.001000 train_ppl=717.200195 time=195.81s
2019-04-14 01:12:18,011 INFO: training instance: 3190539, training tokens: 60620234.
2019-04-14 01:12:37,267 INFO: Truncated word count: 126988.
2019-04-14 01:12:37,268 INFO: Original vocabulary size: 192994.
2019-04-14 01:12:37,531 INFO: Word embedding size: 93674
2019-04-14 01:13:36,036 INFO: Char embedding size: 99
2019-04-14 04:16:28,079 INFO: 99705 batches, avg len: 20.0
2019-04-14 04:16:28,348 INFO: Evaluate every 99705 batches.
2019-04-14 04:16:28,348 INFO: vocab size: 93674
/home/mluser/anaconda3/envs/master8_env/lib/python3.6/site-packages/torch/nn/_reduction.py:49: UserWarning: size_average and reduce args will be deprecated, please use reduction='sum' instead.
  warnings.warn(warning.format(ret))
2019-04-14 04:16:33,502 INFO: Model(
  (token_embedder): ConvTokenEmbedder(
    (word_emb_layer): EmbeddingLayer(
      (embedding): Embedding(93674, 100, padding_idx=3)
    )
    (char_emb_layer): EmbeddingLayer(
      (embedding): Embedding(99, 50, padding_idx=96)
    )
    (convolutions): ModuleList(
      (0): Conv1d(50, 32, kernel_size=(1,), stride=(1,))
      (1): Conv1d(50, 32, kernel_size=(2,), stride=(1,))
      (2): Conv1d(50, 64, kernel_size=(3,), stride=(1,))
      (3): Conv1d(50, 128, kernel_size=(4,), stride=(1,))
      (4): Conv1d(50, 256, kernel_size=(5,), stride=(1,))
      (5): Conv1d(50, 512, kernel_size=(6,), stride=(1,))
      (6): Conv1d(50, 1024, kernel_size=(7,), stride=(1,))
    )
    (highways): Highway(
      (_layers): ModuleList(
        (0): Linear(in_features=2048, out_features=4096, bias=True)
        (1): Linear(in_features=2048, out_features=4096, bias=True)
      )
    )
    (projection): Linear(in_features=2148, out_features=512, bias=True)
  )
  (encoder): ElmobiLm(
    (forward_layer_0): LstmCellWithProjection(
      (input_linearity): Linear(in_features=512, out_features=16384, bias=False)
      (state_linearity): Linear(in_features=512, out_features=16384, bias=True)
      (state_projection): Linear(in_features=4096, out_features=512, bias=False)
    )
    (backward_layer_0): LstmCellWithProjection(
      (input_linearity): Linear(in_features=512, out_features=16384, bias=False)
      (state_linearity): Linear(in_features=512, out_features=16384, bias=True)
      (state_projection): Linear(in_features=4096, out_features=512, bias=False)
    )
    (forward_layer_1): LstmCellWithProjection(
      (input_linearity): Linear(in_features=512, out_features=16384, bias=False)
      (state_linearity): Linear(in_features=512, out_features=16384, bias=True)
      (state_projection): Linear(in_features=4096, out_features=512, bias=False)
    )
    (backward_layer_1): LstmCellWithProjection(
      (input_linearity): Linear(in_features=512, out_features=16384, bias=False)
      (state_linearity): Linear(in_features=512, out_features=16384, bias=True)
      (state_projection): Linear(in_features=4096, out_features=512, bias=False)
    )
  )
  (classify_layer): SampledSoftmaxLayer(
    (criterion): CrossEntropyLoss()
    (column_emb): Embedding(93674, 512)
    (column_bias): Embedding(93674, 1)
  )
)
/home/mluser/master8_projects/clustering_vacancies/elmo/elmoformanylangs/biLM.py:349: UserWarning: torch.nn.utils.clip_grad_norm is now deprecated in favor of torch.nn.utils.clip_grad_norm_.
  torch.nn.utils.clip_grad_norm(model.parameters(), opt.clip_grad)
Traceback (most recent call last):
  File "/home/mluser/anaconda3/envs/master8_env/lib/python3.6/runpy.py", line 193, in _run_module_as_main
    "__main__", mod_spec)
  File "/home/mluser/anaconda3/envs/master8_env/lib/python3.6/runpy.py", line 85, in _run_code
    exec(code, run_globals)
  File "/home/mluser/master8_projects/clustering_vacancies/elmo/elmoformanylangs/biLM.py", line 697, in <module>
    train()
  File "/home/mluser/master8_projects/clustering_vacancies/elmo/elmoformanylangs/biLM.py", line 614, in train
    train, valid, test, best_train, best_valid, test_result)
  File "/home/mluser/master8_projects/clustering_vacancies/elmo/elmoformanylangs/biLM.py", line 354, in train_model
    np.exp(total_loss / total_tag), time.time() - start_time
  File "/home/mluser/anaconda3/envs/master8_env/lib/python3.6/site-packages/torch/tensor.py", line 450, in __array__
    return self.numpy()
TypeError: can't convert CUDA tensor to numpy. Use Tensor.cpu() to copy the tensor to host memory first.
Namespace(batch_size=32, clip_grad=5, config_path='configs/cnn_50_100_512_4096_sample.json', eval_steps=None, gpu=0, lr=0.001, lr_decay=0.8, max_epoch=10, max_sent_len=20, max_vocab_size=150000, min_count=3, model='output/ru_vacancies', optimizer='adam', save_classify_layer=False, seed=1, test_path=None, train_path='/home/mluser/master8_projects/clustering_vacancies/data/corpus/ru_vacancies.raw', valid_path=None, valid_size=0, word_embedding=None)
{'encoder': {'name': 'elmo', 'projection_dim': 512, 'cell_clip': 3, 'proj_clip': 3, 'dim': 4096, 'n_layers': 2}, 'token_embedder': {'name': 'cnn', 'activation': 'relu', 'filters': [[1, 32], [2, 32], [3, 64], [4, 128], [5, 256], [6, 512], [7, 1024]], 'n_highway': 2, 'word_dim': 100, 'char_dim': 50, 'max_characters_per_token': 50}, 'classifier': {'name': 'sampled_softmax', 'n_samples': 8192}, 'dropout': 0.1}
2019-04-14 09:59:12,289 INFO: training instance: 3190539, training tokens: 60620234.
2019-04-14 09:59:31,918 INFO: Truncated word count: 126988.
2019-04-14 09:59:31,918 INFO: Original vocabulary size: 192994.
2019-04-14 09:59:32,190 INFO: Word embedding size: 93674
2019-04-14 10:00:27,084 INFO: Char embedding size: 99
2019-04-14 12:34:45,204 INFO: 99705 batches, avg len: 20.0
2019-04-14 12:34:45,509 INFO: Evaluate every 99705 batches.
2019-04-14 12:34:45,509 INFO: vocab size: 93674
/home/mluser/anaconda3/envs/master8_env/lib/python3.6/site-packages/torch/nn/_reduction.py:49: UserWarning: size_average and reduce args will be deprecated, please use reduction='sum' instead.
  warnings.warn(warning.format(ret))
2019-04-14 12:34:50,829 INFO: Model(
  (token_embedder): ConvTokenEmbedder(
    (word_emb_layer): EmbeddingLayer(
      (embedding): Embedding(93674, 100, padding_idx=3)
    )
    (char_emb_layer): EmbeddingLayer(
      (embedding): Embedding(99, 50, padding_idx=96)
    )
    (convolutions): ModuleList(
      (0): Conv1d(50, 32, kernel_size=(1,), stride=(1,))
      (1): Conv1d(50, 32, kernel_size=(2,), stride=(1,))
      (2): Conv1d(50, 64, kernel_size=(3,), stride=(1,))
      (3): Conv1d(50, 128, kernel_size=(4,), stride=(1,))
      (4): Conv1d(50, 256, kernel_size=(5,), stride=(1,))
      (5): Conv1d(50, 512, kernel_size=(6,), stride=(1,))
      (6): Conv1d(50, 1024, kernel_size=(7,), stride=(1,))
    )
    (highways): Highway(
      (_layers): ModuleList(
        (0): Linear(in_features=2048, out_features=4096, bias=True)
        (1): Linear(in_features=2048, out_features=4096, bias=True)
      )
    )
    (projection): Linear(in_features=2148, out_features=512, bias=True)
  )
  (encoder): ElmobiLm(
    (forward_layer_0): LstmCellWithProjection(
      (input_linearity): Linear(in_features=512, out_features=16384, bias=False)
      (state_linearity): Linear(in_features=512, out_features=16384, bias=True)
      (state_projection): Linear(in_features=4096, out_features=512, bias=False)
    )
    (backward_layer_0): LstmCellWithProjection(
      (input_linearity): Linear(in_features=512, out_features=16384, bias=False)
      (state_linearity): Linear(in_features=512, out_features=16384, bias=True)
      (state_projection): Linear(in_features=4096, out_features=512, bias=False)
    )
    (forward_layer_1): LstmCellWithProjection(
      (input_linearity): Linear(in_features=512, out_features=16384, bias=False)
      (state_linearity): Linear(in_features=512, out_features=16384, bias=True)
      (state_projection): Linear(in_features=4096, out_features=512, bias=False)
    )
    (backward_layer_1): LstmCellWithProjection(
      (input_linearity): Linear(in_features=512, out_features=16384, bias=False)
      (state_linearity): Linear(in_features=512, out_features=16384, bias=True)
      (state_projection): Linear(in_features=4096, out_features=512, bias=False)
    )
  )
  (classify_layer): SampledSoftmaxLayer(
    (criterion): CrossEntropyLoss()
    (column_emb): Embedding(93674, 512)
    (column_bias): Embedding(93674, 1)
  )
)
/home/mluser/master8_projects/clustering_vacancies/elmo/elmoformanylangs/biLM.py:349: UserWarning: torch.nn.utils.clip_grad_norm is now deprecated in favor of torch.nn.utils.clip_grad_norm_.
  torch.nn.utils.clip_grad_norm(model.parameters(), opt.clip_grad)
2019-04-14 12:38:42,012 INFO: Epoch=0 iter=32 lr=0.001000 train_ppl=1545.729492 time=230.81s
2019-04-14 12:42:37,842 INFO: Epoch=0 iter=64 lr=0.001000 train_ppl=1358.609741 time=235.83s
2019-04-14 12:46:34,992 INFO: Epoch=0 iter=96 lr=0.001000 train_ppl=1263.838257 time=237.15s
2019-04-14 12:50:33,895 INFO: Epoch=0 iter=128 lr=0.001000 train_ppl=1159.005859 time=238.90s
2019-04-14 12:54:35,652 INFO: Epoch=0 iter=160 lr=0.001000 train_ppl=1066.114014 time=241.76s
2019-04-14 12:58:35,594 INFO: Epoch=0 iter=192 lr=0.001000 train_ppl=984.689514 time=239.94s
2019-04-14 13:02:37,934 INFO: Epoch=0 iter=224 lr=0.001000 train_ppl=942.328430 time=242.34s
2019-04-14 13:06:39,381 INFO: Epoch=0 iter=256 lr=0.001000 train_ppl=869.346802 time=241.45s
2019-04-14 13:10:42,104 INFO: Epoch=0 iter=288 lr=0.001000 train_ppl=813.368896 time=242.72s
2019-04-14 13:14:36,888 INFO: Epoch=0 iter=320 lr=0.001000 train_ppl=768.462708 time=234.78s
2019-04-14 13:18:31,222 INFO: Epoch=0 iter=352 lr=0.001000 train_ppl=725.654724 time=234.33s
2019-04-14 13:22:23,477 INFO: Epoch=0 iter=384 lr=0.001000 train_ppl=691.031311 time=232.25s
2019-04-14 13:26:18,898 INFO: Epoch=0 iter=416 lr=0.001000 train_ppl=656.202393 time=235.42s
2019-04-14 13:30:12,736 INFO: Epoch=0 iter=448 lr=0.001000 train_ppl=626.644348 time=233.84s
2019-04-14 13:34:07,874 INFO: Epoch=0 iter=480 lr=0.001000 train_ppl=600.392456 time=235.14s
2019-04-14 13:38:03,729 INFO: Epoch=0 iter=512 lr=0.001000 train_ppl=577.460571 time=235.85s
2019-04-14 13:41:59,939 INFO: Epoch=0 iter=544 lr=0.001000 train_ppl=555.912537 time=236.21s
2019-04-14 13:45:53,766 INFO: Epoch=0 iter=576 lr=0.001000 train_ppl=536.828369 time=233.83s
2019-04-14 13:49:47,721 INFO: Epoch=0 iter=608 lr=0.001000 train_ppl=519.435547 time=233.95s
2019-04-14 13:53:42,401 INFO: Epoch=0 iter=640 lr=0.001000 train_ppl=502.516418 time=234.68s
2019-04-14 13:57:41,666 INFO: Epoch=0 iter=672 lr=0.001000 train_ppl=485.554382 time=239.26s
2019-04-14 14:01:40,780 INFO: Epoch=0 iter=704 lr=0.001000 train_ppl=472.401978 time=239.11s
2019-04-14 14:05:41,317 INFO: Epoch=0 iter=736 lr=0.001000 train_ppl=458.715149 time=240.54s
2019-04-14 14:09:41,821 INFO: Epoch=0 iter=768 lr=0.001000 train_ppl=447.046051 time=240.50s
2019-04-14 14:13:41,727 INFO: Epoch=0 iter=800 lr=0.001000 train_ppl=435.829010 time=239.91s
2019-04-14 14:17:39,679 INFO: Epoch=0 iter=832 lr=0.001000 train_ppl=424.939423 time=237.95s
2019-04-14 14:21:37,446 INFO: Epoch=0 iter=864 lr=0.001000 train_ppl=415.171936 time=237.77s
2019-04-14 14:25:37,292 INFO: Epoch=0 iter=896 lr=0.001000 train_ppl=405.117859 time=239.85s
2019-04-14 14:29:37,704 INFO: Epoch=0 iter=928 lr=0.001000 train_ppl=397.347931 time=240.41s
2019-04-14 14:33:36,256 INFO: Epoch=0 iter=960 lr=0.001000 train_ppl=389.803009 time=238.55s
2019-04-14 14:37:28,823 INFO: Epoch=0 iter=992 lr=0.001000 train_ppl=381.258514 time=232.57s
2019-04-14 14:41:23,642 INFO: Epoch=0 iter=1024 lr=0.001000 train_ppl=373.730286 time=234.82s
2019-04-14 14:45:18,909 INFO: Epoch=0 iter=1056 lr=0.001000 train_ppl=366.785095 time=235.27s
2019-04-14 14:49:13,181 INFO: Epoch=0 iter=1088 lr=0.001000 train_ppl=360.179810 time=234.27s
2019-04-14 14:53:08,006 INFO: Epoch=0 iter=1120 lr=0.001000 train_ppl=353.570038 time=234.82s
2019-04-14 14:57:02,740 INFO: Epoch=0 iter=1152 lr=0.001000 train_ppl=347.490417 time=234.73s
2019-04-14 15:00:55,214 INFO: Epoch=0 iter=1184 lr=0.001000 train_ppl=341.514221 time=232.47s
2019-04-14 15:04:52,034 INFO: Epoch=0 iter=1216 lr=0.001000 train_ppl=336.084229 time=236.82s
2019-04-14 15:08:46,849 INFO: Epoch=0 iter=1248 lr=0.001000 train_ppl=330.451172 time=234.81s
2019-04-14 15:12:40,515 INFO: Epoch=0 iter=1280 lr=0.001000 train_ppl=325.485962 time=233.67s
2019-04-14 15:16:32,303 INFO: Epoch=0 iter=1312 lr=0.001000 train_ppl=320.696411 time=231.79s
2019-04-14 15:20:26,908 INFO: Epoch=0 iter=1344 lr=0.001000 train_ppl=315.803986 time=234.60s
2019-04-14 15:24:21,500 INFO: Epoch=0 iter=1376 lr=0.001000 train_ppl=311.137024 time=234.59s
2019-04-14 15:28:15,190 INFO: Epoch=0 iter=1408 lr=0.001000 train_ppl=306.903229 time=233.69s
2019-04-14 15:32:10,598 INFO: Epoch=0 iter=1440 lr=0.001000 train_ppl=302.539856 time=235.41s
2019-04-14 15:36:06,205 INFO: Epoch=0 iter=1472 lr=0.001000 train_ppl=298.657654 time=235.61s
2019-04-14 15:40:03,550 INFO: Epoch=0 iter=1504 lr=0.001000 train_ppl=294.946320 time=237.34s
2019-04-14 15:43:58,525 INFO: Epoch=0 iter=1536 lr=0.001000 train_ppl=291.223053 time=234.97s
2019-04-14 15:47:53,987 INFO: Epoch=0 iter=1568 lr=0.001000 train_ppl=287.670746 time=235.46s
2019-04-14 15:51:50,401 INFO: Epoch=0 iter=1600 lr=0.001000 train_ppl=284.009125 time=236.41s
2019-04-14 15:55:48,061 INFO: Epoch=0 iter=1632 lr=0.001000 train_ppl=280.738861 time=237.66s
2019-04-14 15:59:41,925 INFO: Epoch=0 iter=1664 lr=0.001000 train_ppl=277.508514 time=233.86s
2019-04-14 16:03:38,768 INFO: Epoch=0 iter=1696 lr=0.001000 train_ppl=274.632324 time=236.84s
2019-04-14 16:07:33,876 INFO: Epoch=0 iter=1728 lr=0.001000 train_ppl=271.350586 time=235.11s
2019-04-14 16:11:29,912 INFO: Epoch=0 iter=1760 lr=0.001000 train_ppl=268.510193 time=236.04s
2019-04-14 16:15:24,673 INFO: Epoch=0 iter=1792 lr=0.001000 train_ppl=266.176178 time=234.76s
2019-04-14 16:19:21,411 INFO: Epoch=0 iter=1824 lr=0.001000 train_ppl=263.373230 time=236.74s
2019-04-14 16:23:16,621 INFO: Epoch=0 iter=1856 lr=0.001000 train_ppl=260.932556 time=235.21s
2019-04-14 16:27:16,719 INFO: Epoch=0 iter=1888 lr=0.001000 train_ppl=258.087585 time=240.10s
2019-04-14 16:31:16,067 INFO: Epoch=0 iter=1920 lr=0.001000 train_ppl=255.823669 time=239.35s
2019-04-14 16:35:12,667 INFO: Epoch=0 iter=1952 lr=0.001000 train_ppl=253.606842 time=236.60s
2019-04-14 16:39:08,046 INFO: Epoch=0 iter=1984 lr=0.001000 train_ppl=251.132080 time=235.38s
2019-04-14 16:43:03,285 INFO: Epoch=0 iter=2016 lr=0.001000 train_ppl=248.870209 time=235.24s
2019-04-14 16:46:58,348 INFO: Epoch=0 iter=2048 lr=0.001000 train_ppl=246.684113 time=235.06s
2019-04-14 16:50:54,235 INFO: Epoch=0 iter=2080 lr=0.001000 train_ppl=244.344238 time=235.89s
2019-04-14 16:54:51,103 INFO: Epoch=0 iter=2112 lr=0.001000 train_ppl=242.391068 time=236.87s
2019-04-14 16:58:46,062 INFO: Epoch=0 iter=2144 lr=0.001000 train_ppl=240.193268 time=234.96s
2019-04-14 17:02:41,949 INFO: Epoch=0 iter=2176 lr=0.001000 train_ppl=238.116196 time=235.89s
2019-04-14 17:06:39,813 INFO: Epoch=0 iter=2208 lr=0.001000 train_ppl=236.231949 time=237.86s
2019-04-14 17:10:35,862 INFO: Epoch=0 iter=2240 lr=0.001000 train_ppl=234.339050 time=236.05s
2019-04-14 17:14:32,039 INFO: Epoch=0 iter=2272 lr=0.001000 train_ppl=232.560760 time=236.18s
2019-04-14 17:18:26,180 INFO: Epoch=0 iter=2304 lr=0.001000 train_ppl=230.737320 time=234.14s
2019-04-14 17:22:22,578 INFO: Epoch=0 iter=2336 lr=0.001000 train_ppl=229.036362 time=236.40s
2019-04-14 17:26:17,624 INFO: Epoch=0 iter=2368 lr=0.001000 train_ppl=227.466599 time=235.05s
2019-04-14 17:29:59,768 INFO: Epoch=0 iter=2400 lr=0.001000 train_ppl=225.584534 time=222.14s
2019-04-14 17:33:46,208 INFO: Epoch=0 iter=2432 lr=0.001000 train_ppl=223.962158 time=226.44s
2019-04-14 17:37:29,939 INFO: Epoch=0 iter=2464 lr=0.001000 train_ppl=222.279144 time=223.73s
2019-04-14 17:41:15,477 INFO: Epoch=0 iter=2496 lr=0.001000 train_ppl=220.879303 time=225.54s
2019-04-14 17:44:56,390 INFO: Epoch=0 iter=2528 lr=0.001000 train_ppl=219.354660 time=220.91s
2019-04-14 17:48:42,230 INFO: Epoch=0 iter=2560 lr=0.001000 train_ppl=217.920639 time=225.84s
2019-04-14 17:52:29,432 INFO: Epoch=0 iter=2592 lr=0.001000 train_ppl=216.465332 time=227.20s
2019-04-14 17:56:13,893 INFO: Epoch=0 iter=2624 lr=0.001000 train_ppl=215.162216 time=224.46s
2019-04-14 17:59:56,860 INFO: Epoch=0 iter=2656 lr=0.001000 train_ppl=213.953537 time=222.97s
2019-04-14 18:03:41,798 INFO: Epoch=0 iter=2688 lr=0.001000 train_ppl=212.330353 time=224.94s
2019-04-14 18:07:26,127 INFO: Epoch=0 iter=2720 lr=0.001000 train_ppl=210.930084 time=224.33s
2019-04-14 18:11:10,604 INFO: Epoch=0 iter=2752 lr=0.001000 train_ppl=209.436264 time=224.48s
2019-04-14 18:14:55,886 INFO: Epoch=0 iter=2784 lr=0.001000 train_ppl=208.110062 time=225.28s
2019-04-14 18:18:43,168 INFO: Epoch=0 iter=2816 lr=0.001000 train_ppl=206.829224 time=227.28s
2019-04-14 18:22:28,661 INFO: Epoch=0 iter=2848 lr=0.001000 train_ppl=205.757996 time=225.49s
2019-04-14 18:26:13,059 INFO: Epoch=0 iter=2880 lr=0.001000 train_ppl=204.580780 time=224.40s
2019-04-14 18:29:59,482 INFO: Epoch=0 iter=2912 lr=0.001000 train_ppl=203.262054 time=226.42s
2019-04-14 18:33:42,643 INFO: Epoch=0 iter=2944 lr=0.001000 train_ppl=202.153381 time=223.16s
2019-04-14 18:37:25,575 INFO: Epoch=0 iter=2976 lr=0.001000 train_ppl=200.908630 time=222.93s
2019-04-14 18:41:11,762 INFO: Epoch=0 iter=3008 lr=0.001000 train_ppl=199.824707 time=226.19s
2019-04-14 18:44:56,407 INFO: Epoch=0 iter=3040 lr=0.001000 train_ppl=198.873001 time=224.64s
2019-04-14 18:48:41,680 INFO: Epoch=0 iter=3072 lr=0.001000 train_ppl=197.800812 time=225.27s
2019-04-14 18:52:27,538 INFO: Epoch=0 iter=3104 lr=0.001000 train_ppl=196.694916 time=225.86s
2019-04-14 18:56:13,273 INFO: Epoch=0 iter=3136 lr=0.001000 train_ppl=195.548294 time=225.73s
2019-04-14 19:00:02,177 INFO: Epoch=0 iter=3168 lr=0.001000 train_ppl=194.464447 time=228.90s
2019-04-14 19:03:49,016 INFO: Epoch=0 iter=3200 lr=0.001000 train_ppl=193.511688 time=226.84s
2019-04-14 19:07:31,994 INFO: Epoch=0 iter=3232 lr=0.001000 train_ppl=192.636520 time=222.98s
2019-04-14 19:11:19,939 INFO: Epoch=0 iter=3264 lr=0.001000 train_ppl=191.517029 time=227.94s
2019-04-14 19:15:03,737 INFO: Epoch=0 iter=3296 lr=0.001000 train_ppl=190.491592 time=223.80s
2019-04-14 19:18:49,885 INFO: Epoch=0 iter=3328 lr=0.001000 train_ppl=189.414001 time=226.15s
2019-04-14 19:22:33,888 INFO: Epoch=0 iter=3360 lr=0.001000 train_ppl=188.513412 time=224.00s
2019-04-14 19:26:17,808 INFO: Epoch=0 iter=3392 lr=0.001000 train_ppl=187.526581 time=223.92s
2019-04-14 19:30:05,608 INFO: Epoch=0 iter=3424 lr=0.001000 train_ppl=186.691025 time=227.80s
2019-04-14 19:33:54,122 INFO: Epoch=0 iter=3456 lr=0.001000 train_ppl=185.888367 time=228.51s
2019-04-14 19:37:39,500 INFO: Epoch=0 iter=3488 lr=0.001000 train_ppl=185.110062 time=225.38s
2019-04-14 19:41:26,189 INFO: Epoch=0 iter=3520 lr=0.001000 train_ppl=184.346191 time=226.69s
2019-04-14 19:45:09,197 INFO: Epoch=0 iter=3552 lr=0.001000 train_ppl=183.459900 time=223.01s
2019-04-14 19:48:56,831 INFO: Epoch=0 iter=3584 lr=0.001000 train_ppl=182.664856 time=227.63s
2019-04-14 19:52:40,324 INFO: Epoch=0 iter=3616 lr=0.001000 train_ppl=181.908890 time=223.49s
2019-04-14 19:56:26,113 INFO: Epoch=0 iter=3648 lr=0.001000 train_ppl=180.994431 time=225.79s
2019-04-14 20:00:11,747 INFO: Epoch=0 iter=3680 lr=0.001000 train_ppl=180.090759 time=225.63s
2019-04-14 20:03:57,495 INFO: Epoch=0 iter=3712 lr=0.001000 train_ppl=179.247055 time=225.75s
2019-04-14 20:07:43,068 INFO: Epoch=0 iter=3744 lr=0.001000 train_ppl=178.538879 time=225.57s
2019-04-14 20:11:27,818 INFO: Epoch=0 iter=3776 lr=0.001000 train_ppl=177.781509 time=224.75s
2019-04-14 20:15:10,879 INFO: Epoch=0 iter=3808 lr=0.001000 train_ppl=177.046356 time=223.06s
2019-04-14 20:18:59,646 INFO: Epoch=0 iter=3840 lr=0.001000 train_ppl=176.319794 time=228.77s
2019-04-14 20:22:45,640 INFO: Epoch=0 iter=3872 lr=0.001000 train_ppl=175.563644 time=225.99s
2019-04-14 20:26:27,464 INFO: Epoch=0 iter=3904 lr=0.001000 train_ppl=174.855759 time=221.82s
2019-04-14 20:30:11,090 INFO: Epoch=0 iter=3936 lr=0.001000 train_ppl=174.132370 time=223.62s
2019-04-14 20:33:57,720 INFO: Epoch=0 iter=3968 lr=0.001000 train_ppl=173.428772 time=226.63s
2019-04-14 20:37:39,680 INFO: Epoch=0 iter=4000 lr=0.001000 train_ppl=172.730972 time=221.96s
2019-04-14 20:41:23,705 INFO: Epoch=0 iter=4032 lr=0.001000 train_ppl=172.042786 time=224.02s
2019-04-14 20:45:05,284 INFO: Epoch=0 iter=4064 lr=0.001000 train_ppl=171.459198 time=221.58s
2019-04-14 20:48:53,176 INFO: Epoch=0 iter=4096 lr=0.001000 train_ppl=170.774689 time=227.89s
2019-04-14 20:52:41,653 INFO: Epoch=0 iter=4128 lr=0.001000 train_ppl=170.058060 time=228.48s
2019-04-14 20:56:27,773 INFO: Epoch=0 iter=4160 lr=0.001000 train_ppl=169.484818 time=226.12s
2019-04-14 21:00:13,124 INFO: Epoch=0 iter=4192 lr=0.001000 train_ppl=168.879532 time=225.35s
2019-04-14 21:03:58,383 INFO: Epoch=0 iter=4224 lr=0.001000 train_ppl=168.231415 time=225.26s
2019-04-14 21:07:42,785 INFO: Epoch=0 iter=4256 lr=0.001000 train_ppl=167.662262 time=224.40s
2019-04-14 21:11:26,777 INFO: Epoch=0 iter=4288 lr=0.001000 train_ppl=167.039429 time=223.99s
2019-04-14 21:15:12,286 INFO: Epoch=0 iter=4320 lr=0.001000 train_ppl=166.372971 time=225.51s
2019-04-14 21:18:57,131 INFO: Epoch=0 iter=4352 lr=0.001000 train_ppl=165.731216 time=224.84s
2019-04-14 21:22:44,955 INFO: Epoch=0 iter=4384 lr=0.001000 train_ppl=165.166504 time=227.82s
2019-04-14 21:26:31,951 INFO: Epoch=0 iter=4416 lr=0.001000 train_ppl=164.592026 time=227.00s
2019-04-14 21:30:20,347 INFO: Epoch=0 iter=4448 lr=0.001000 train_ppl=164.026733 time=228.40s
2019-04-14 21:34:05,369 INFO: Epoch=0 iter=4480 lr=0.001000 train_ppl=163.395279 time=225.02s
2019-04-14 21:37:53,010 INFO: Epoch=0 iter=4512 lr=0.001000 train_ppl=162.856781 time=227.64s
2019-04-14 21:41:40,705 INFO: Epoch=0 iter=4544 lr=0.001000 train_ppl=162.348083 time=227.69s
2019-04-14 21:45:28,706 INFO: Epoch=0 iter=4576 lr=0.001000 train_ppl=161.941620 time=228.00s
2019-04-14 21:49:15,416 INFO: Epoch=0 iter=4608 lr=0.001000 train_ppl=161.450333 time=226.71s
2019-04-14 21:53:00,820 INFO: Epoch=0 iter=4640 lr=0.001000 train_ppl=160.951767 time=225.40s
2019-04-14 21:56:47,547 INFO: Epoch=0 iter=4672 lr=0.001000 train_ppl=160.468521 time=226.73s
2019-04-14 22:00:38,221 INFO: Epoch=0 iter=4704 lr=0.001000 train_ppl=160.026642 time=230.67s
2019-04-14 22:04:23,436 INFO: Epoch=0 iter=4736 lr=0.001000 train_ppl=159.540237 time=225.22s
2019-04-14 22:08:08,414 INFO: Epoch=0 iter=4768 lr=0.001000 train_ppl=159.003891 time=224.98s
2019-04-14 22:11:52,444 INFO: Epoch=0 iter=4800 lr=0.001000 train_ppl=158.505112 time=224.03s
2019-04-14 22:15:36,251 INFO: Epoch=0 iter=4832 lr=0.001000 train_ppl=158.021301 time=223.81s
2019-04-14 22:19:19,547 INFO: Epoch=0 iter=4864 lr=0.001000 train_ppl=157.537460 time=223.29s
2019-04-14 22:23:05,336 INFO: Epoch=0 iter=4896 lr=0.001000 train_ppl=157.027924 time=225.79s
2019-04-14 22:26:49,736 INFO: Epoch=0 iter=4928 lr=0.001000 train_ppl=156.529663 time=224.40s
2019-04-14 22:30:36,107 INFO: Epoch=0 iter=4960 lr=0.001000 train_ppl=156.125046 time=226.37s
2019-04-14 22:34:19,873 INFO: Epoch=0 iter=4992 lr=0.001000 train_ppl=155.636337 time=223.77s
2019-04-14 22:38:08,670 INFO: Epoch=0 iter=5024 lr=0.001000 train_ppl=155.181549 time=228.80s
2019-04-14 22:41:56,575 INFO: Epoch=0 iter=5056 lr=0.001000 train_ppl=154.783005 time=227.91s
2019-04-14 22:45:43,907 INFO: Epoch=0 iter=5088 lr=0.001000 train_ppl=154.384598 time=227.33s
2019-04-14 22:49:29,913 INFO: Epoch=0 iter=5120 lr=0.001000 train_ppl=153.920471 time=226.00s
2019-04-14 22:53:16,309 INFO: Epoch=0 iter=5152 lr=0.001000 train_ppl=153.552841 time=226.40s
2019-04-14 22:57:02,535 INFO: Epoch=0 iter=5184 lr=0.001000 train_ppl=153.119995 time=226.22s
2019-04-14 23:00:46,294 INFO: Epoch=0 iter=5216 lr=0.001000 train_ppl=152.698410 time=223.76s
2019-04-14 23:04:33,293 INFO: Epoch=0 iter=5248 lr=0.001000 train_ppl=152.347717 time=227.00s
2019-04-14 23:08:21,017 INFO: Epoch=0 iter=5280 lr=0.001000 train_ppl=151.853226 time=227.72s
2019-04-14 23:12:09,947 INFO: Epoch=0 iter=5312 lr=0.001000 train_ppl=151.409927 time=228.93s
2019-04-14 23:15:54,556 INFO: Epoch=0 iter=5344 lr=0.001000 train_ppl=150.972244 time=224.61s
2019-04-14 23:19:36,725 INFO: Epoch=0 iter=5376 lr=0.001000 train_ppl=150.612656 time=222.17s
2019-04-14 23:23:24,832 INFO: Epoch=0 iter=5408 lr=0.001000 train_ppl=150.202347 time=228.11s
2019-04-14 23:27:11,969 INFO: Epoch=0 iter=5440 lr=0.001000 train_ppl=149.769089 time=227.14s
2019-04-14 23:30:58,451 INFO: Epoch=0 iter=5472 lr=0.001000 train_ppl=149.392059 time=226.48s
2019-04-14 23:34:44,533 INFO: Epoch=0 iter=5504 lr=0.001000 train_ppl=148.966888 time=226.08s
2019-04-14 23:38:28,205 INFO: Epoch=0 iter=5536 lr=0.001000 train_ppl=148.573257 time=223.67s
2019-04-14 23:42:15,397 INFO: Epoch=0 iter=5568 lr=0.001000 train_ppl=148.154648 time=227.19s
2019-04-14 23:46:02,079 INFO: Epoch=0 iter=5600 lr=0.001000 train_ppl=147.812424 time=226.68s
2019-04-14 23:49:49,588 INFO: Epoch=0 iter=5632 lr=0.001000 train_ppl=147.483139 time=227.51s
2019-04-14 23:53:38,041 INFO: Epoch=0 iter=5664 lr=0.001000 train_ppl=147.088089 time=228.45s
2019-04-14 23:57:27,361 INFO: Epoch=0 iter=5696 lr=0.001000 train_ppl=146.734253 time=229.32s
2019-04-15 00:01:13,792 INFO: Epoch=0 iter=5728 lr=0.001000 train_ppl=146.371216 time=226.43s
2019-04-15 00:04:58,667 INFO: Epoch=0 iter=5760 lr=0.001000 train_ppl=145.999329 time=224.87s
2019-04-15 00:08:45,696 INFO: Epoch=0 iter=5792 lr=0.001000 train_ppl=145.634232 time=227.03s
2019-04-15 00:12:33,017 INFO: Epoch=0 iter=5824 lr=0.001000 train_ppl=145.285339 time=227.32s
2019-04-15 00:16:24,986 INFO: Epoch=0 iter=5856 lr=0.001000 train_ppl=144.906403 time=231.97s
2019-04-15 00:20:11,996 INFO: Epoch=0 iter=5888 lr=0.001000 train_ppl=144.571945 time=227.01s
2019-04-15 00:23:56,998 INFO: Epoch=0 iter=5920 lr=0.001000 train_ppl=144.221832 time=225.00s
2019-04-15 00:27:39,029 INFO: Epoch=0 iter=5952 lr=0.001000 train_ppl=143.883804 time=222.03s
2019-04-15 00:31:27,166 INFO: Epoch=0 iter=5984 lr=0.001000 train_ppl=143.599976 time=228.14s
2019-04-15 00:35:12,866 INFO: Epoch=0 iter=6016 lr=0.001000 train_ppl=143.300858 time=225.70s
2019-04-15 00:38:58,674 INFO: Epoch=0 iter=6048 lr=0.001000 train_ppl=142.943039 time=225.81s
2019-04-15 00:42:43,351 INFO: Epoch=0 iter=6080 lr=0.001000 train_ppl=142.533905 time=224.68s
2019-04-15 00:46:30,382 INFO: Epoch=0 iter=6112 lr=0.001000 train_ppl=142.199921 time=227.03s
2019-04-15 00:50:15,114 INFO: Epoch=0 iter=6144 lr=0.001000 train_ppl=141.822128 time=224.73s
2019-04-15 00:54:03,381 INFO: Epoch=0 iter=6176 lr=0.001000 train_ppl=141.423294 time=228.27s
2019-04-15 00:57:46,708 INFO: Epoch=0 iter=6208 lr=0.001000 train_ppl=141.071838 time=223.33s
2019-04-15 01:01:31,265 INFO: Epoch=0 iter=6240 lr=0.001000 train_ppl=140.733017 time=224.56s
2019-04-15 01:05:16,378 INFO: Epoch=0 iter=6272 lr=0.001000 train_ppl=140.446030 time=225.11s
2019-04-15 01:09:01,496 INFO: Epoch=0 iter=6304 lr=0.001000 train_ppl=140.177460 time=225.12s
2019-04-15 01:12:45,688 INFO: Epoch=0 iter=6336 lr=0.001000 train_ppl=139.910492 time=224.19s
2019-04-15 01:16:29,776 INFO: Epoch=0 iter=6368 lr=0.001000 train_ppl=139.585831 time=224.09s
2019-04-15 01:20:13,500 INFO: Epoch=0 iter=6400 lr=0.001000 train_ppl=139.306961 time=223.72s
2019-04-15 01:24:00,564 INFO: Epoch=0 iter=6432 lr=0.001000 train_ppl=138.996689 time=227.06s
2019-04-15 01:27:45,884 INFO: Epoch=0 iter=6464 lr=0.001000 train_ppl=138.649033 time=225.32s
2019-04-15 01:31:33,526 INFO: Epoch=0 iter=6496 lr=0.001000 train_ppl=138.325851 time=227.64s
2019-04-15 01:35:18,019 INFO: Epoch=0 iter=6528 lr=0.001000 train_ppl=138.056671 time=224.49s
2019-04-15 01:39:04,047 INFO: Epoch=0 iter=6560 lr=0.001000 train_ppl=137.783356 time=226.03s
2019-04-15 01:42:48,932 INFO: Epoch=0 iter=6592 lr=0.001000 train_ppl=137.469986 time=224.88s
2019-04-15 01:46:34,633 INFO: Epoch=0 iter=6624 lr=0.001000 train_ppl=137.204239 time=225.70s
2019-04-15 01:50:18,265 INFO: Epoch=0 iter=6656 lr=0.001000 train_ppl=136.891678 time=223.63s
2019-04-15 01:54:06,481 INFO: Epoch=0 iter=6688 lr=0.001000 train_ppl=136.577209 time=228.21s
2019-04-15 01:57:52,196 INFO: Epoch=0 iter=6720 lr=0.001000 train_ppl=136.306366 time=225.72s
2019-04-15 02:01:40,545 INFO: Epoch=0 iter=6752 lr=0.001000 train_ppl=135.990463 time=228.35s
2019-04-15 02:05:27,878 INFO: Epoch=0 iter=6784 lr=0.001000 train_ppl=135.678070 time=227.33s
2019-04-15 02:09:13,166 INFO: Epoch=0 iter=6816 lr=0.001000 train_ppl=135.457184 time=225.29s
2019-04-15 02:12:59,349 INFO: Epoch=0 iter=6848 lr=0.001000 train_ppl=135.215256 time=226.18s
2019-04-15 02:16:43,454 INFO: Epoch=0 iter=6880 lr=0.001000 train_ppl=134.913773 time=224.10s
2019-04-15 02:20:34,297 INFO: Epoch=0 iter=6912 lr=0.001000 train_ppl=134.626068 time=230.84s
2019-04-15 02:24:22,687 INFO: Epoch=0 iter=6944 lr=0.001000 train_ppl=134.362488 time=228.39s
2019-04-15 02:28:07,880 INFO: Epoch=0 iter=6976 lr=0.001000 train_ppl=134.131531 time=225.19s
2019-04-15 02:31:54,921 INFO: Epoch=0 iter=7008 lr=0.001000 train_ppl=133.891129 time=227.04s
2019-04-15 02:35:38,738 INFO: Epoch=0 iter=7040 lr=0.001000 train_ppl=133.629944 time=223.82s
2019-04-15 02:39:24,934 INFO: Epoch=0 iter=7072 lr=0.001000 train_ppl=133.367111 time=226.19s
2019-04-15 02:43:10,323 INFO: Epoch=0 iter=7104 lr=0.001000 train_ppl=133.131943 time=225.39s
2019-04-15 02:46:54,476 INFO: Epoch=0 iter=7136 lr=0.001000 train_ppl=132.897781 time=224.15s
2019-04-15 02:50:38,666 INFO: Epoch=0 iter=7168 lr=0.001000 train_ppl=132.664780 time=224.19s
2019-04-15 02:54:22,094 INFO: Epoch=0 iter=7200 lr=0.001000 train_ppl=132.398285 time=223.43s
2019-04-15 02:58:11,332 INFO: Epoch=0 iter=7232 lr=0.001000 train_ppl=132.122421 time=229.24s
2019-04-15 03:01:57,924 INFO: Epoch=0 iter=7264 lr=0.001000 train_ppl=131.907013 time=226.59s
2019-04-15 03:05:47,825 INFO: Epoch=0 iter=7296 lr=0.001000 train_ppl=131.664520 time=229.90s
2019-04-15 03:09:32,239 INFO: Epoch=0 iter=7328 lr=0.001000 train_ppl=131.391251 time=224.41s
2019-04-15 03:13:19,735 INFO: Epoch=0 iter=7360 lr=0.001000 train_ppl=131.108490 time=227.49s
2019-04-15 03:17:09,293 INFO: Epoch=0 iter=7392 lr=0.001000 train_ppl=130.866714 time=229.56s
2019-04-15 03:20:54,404 INFO: Epoch=0 iter=7424 lr=0.001000 train_ppl=130.602585 time=225.11s
2019-04-15 03:24:43,052 INFO: Epoch=0 iter=7456 lr=0.001000 train_ppl=130.372299 time=228.65s
2019-04-15 03:28:29,053 INFO: Epoch=0 iter=7488 lr=0.001000 train_ppl=130.122757 time=226.00s
2019-04-15 03:32:15,008 INFO: Epoch=0 iter=7520 lr=0.001000 train_ppl=129.862228 time=225.95s
2019-04-15 03:36:02,179 INFO: Epoch=0 iter=7552 lr=0.001000 train_ppl=129.639191 time=227.17s
2019-04-15 03:39:50,083 INFO: Epoch=0 iter=7584 lr=0.001000 train_ppl=129.423386 time=227.90s
2019-04-15 03:43:36,597 INFO: Epoch=0 iter=7616 lr=0.001000 train_ppl=129.190567 time=226.51s
2019-04-15 03:47:20,641 INFO: Epoch=0 iter=7648 lr=0.001000 train_ppl=128.980118 time=224.04s
2019-04-15 03:51:07,528 INFO: Epoch=0 iter=7680 lr=0.001000 train_ppl=128.746429 time=226.89s
2019-04-15 03:54:53,388 INFO: Epoch=0 iter=7712 lr=0.001000 train_ppl=128.538116 time=225.86s
2019-04-15 03:58:43,824 INFO: Epoch=0 iter=7744 lr=0.001000 train_ppl=128.325363 time=230.44s
2019-04-15 04:02:34,194 INFO: Epoch=0 iter=7776 lr=0.001000 train_ppl=128.112534 time=230.37s
2019-04-15 04:06:25,065 INFO: Epoch=0 iter=7808 lr=0.001000 train_ppl=127.885796 time=230.87s
2019-04-15 04:10:15,142 INFO: Epoch=0 iter=7840 lr=0.001000 train_ppl=127.656532 time=230.08s
2019-04-15 04:14:03,775 INFO: Epoch=0 iter=7872 lr=0.001000 train_ppl=127.488571 time=228.63s
2019-04-15 04:17:51,759 INFO: Epoch=0 iter=7904 lr=0.001000 train_ppl=127.261055 time=227.98s
2019-04-15 04:21:38,305 INFO: Epoch=0 iter=7936 lr=0.001000 train_ppl=127.032486 time=226.54s
2019-04-15 04:25:23,092 INFO: Epoch=0 iter=7968 lr=0.001000 train_ppl=126.857185 time=224.79s
2019-04-15 04:29:08,583 INFO: Epoch=0 iter=8000 lr=0.001000 train_ppl=126.613464 time=225.49s
2019-04-15 04:32:55,050 INFO: Epoch=0 iter=8032 lr=0.001000 train_ppl=126.379425 time=226.47s
2019-04-15 04:36:42,944 INFO: Epoch=0 iter=8064 lr=0.001000 train_ppl=126.176865 time=227.89s
2019-04-15 04:40:32,168 INFO: Epoch=0 iter=8096 lr=0.001000 train_ppl=125.981178 time=229.22s
2019-04-15 04:44:18,129 INFO: Epoch=0 iter=8128 lr=0.001000 train_ppl=125.818192 time=225.96s
2019-04-15 04:48:04,541 INFO: Epoch=0 iter=8160 lr=0.001000 train_ppl=125.623955 time=226.41s
2019-04-15 04:51:50,482 INFO: Epoch=0 iter=8192 lr=0.001000 train_ppl=125.391388 time=225.94s
2019-04-15 04:55:36,474 INFO: Epoch=0 iter=8224 lr=0.001000 train_ppl=125.201874 time=225.99s
2019-04-15 04:59:22,178 INFO: Epoch=0 iter=8256 lr=0.001000 train_ppl=125.010262 time=225.70s
2019-04-15 05:03:07,525 INFO: Epoch=0 iter=8288 lr=0.001000 train_ppl=124.813469 time=225.35s
2019-04-15 05:06:52,148 INFO: Epoch=0 iter=8320 lr=0.001000 train_ppl=124.635582 time=224.62s
2019-04-15 05:10:38,235 INFO: Epoch=0 iter=8352 lr=0.001000 train_ppl=124.466141 time=226.09s
2019-04-15 05:14:22,133 INFO: Epoch=0 iter=8384 lr=0.001000 train_ppl=124.259720 time=223.90s
2019-04-15 05:18:10,486 INFO: Epoch=0 iter=8416 lr=0.001000 train_ppl=124.089073 time=228.35s
2019-04-15 05:22:00,017 INFO: Epoch=0 iter=8448 lr=0.001000 train_ppl=123.913109 time=229.53s
2019-04-15 05:25:49,332 INFO: Epoch=0 iter=8480 lr=0.001000 train_ppl=123.730072 time=229.31s
2019-04-15 05:29:32,957 INFO: Epoch=0 iter=8512 lr=0.001000 train_ppl=123.561981 time=223.62s
2019-04-15 05:33:16,200 INFO: Epoch=0 iter=8544 lr=0.001000 train_ppl=123.378998 time=223.24s
2019-04-15 05:37:04,661 INFO: Epoch=0 iter=8576 lr=0.001000 train_ppl=123.186943 time=228.46s
2019-04-15 05:40:57,129 INFO: Epoch=0 iter=8608 lr=0.001000 train_ppl=123.000763 time=232.47s
2019-04-15 05:44:46,052 INFO: Epoch=0 iter=8640 lr=0.001000 train_ppl=122.790207 time=228.92s
2019-04-15 05:48:36,875 INFO: Epoch=0 iter=8672 lr=0.001000 train_ppl=122.627251 time=230.82s
2019-04-15 05:52:25,687 INFO: Epoch=0 iter=8704 lr=0.001000 train_ppl=122.444252 time=228.81s
2019-04-15 05:56:09,642 INFO: Epoch=0 iter=8736 lr=0.001000 train_ppl=122.270035 time=223.95s
2019-04-15 05:59:58,243 INFO: Epoch=0 iter=8768 lr=0.001000 train_ppl=122.089020 time=228.60s
2019-04-15 06:03:50,823 INFO: Epoch=0 iter=8800 lr=0.001000 train_ppl=121.910538 time=232.58s
2019-04-15 06:07:37,086 INFO: Epoch=0 iter=8832 lr=0.001000 train_ppl=121.731277 time=226.26s
2019-04-15 06:11:28,876 INFO: Epoch=0 iter=8864 lr=0.001000 train_ppl=121.590195 time=231.79s
2019-04-15 06:15:19,841 INFO: Epoch=0 iter=8896 lr=0.001000 train_ppl=121.431320 time=230.96s
2019-04-15 06:19:06,143 INFO: Epoch=0 iter=8928 lr=0.001000 train_ppl=121.265831 time=226.30s
2019-04-15 06:22:58,178 INFO: Epoch=0 iter=8960 lr=0.001000 train_ppl=121.114021 time=232.03s
2019-04-15 06:26:46,194 INFO: Epoch=0 iter=8992 lr=0.001000 train_ppl=120.927971 time=228.02s
2019-04-15 06:30:33,968 INFO: Epoch=0 iter=9024 lr=0.001000 train_ppl=120.726608 time=227.77s
2019-04-15 06:34:22,377 INFO: Epoch=0 iter=9056 lr=0.001000 train_ppl=120.555069 time=228.41s
2019-04-15 06:38:11,876 INFO: Epoch=0 iter=9088 lr=0.001000 train_ppl=120.405182 time=229.50s
2019-04-15 06:42:05,717 INFO: Epoch=0 iter=9120 lr=0.001000 train_ppl=120.215408 time=233.84s
2019-04-15 06:45:54,887 INFO: Epoch=0 iter=9152 lr=0.001000 train_ppl=120.060844 time=229.17s
2019-04-15 06:49:43,119 INFO: Epoch=0 iter=9184 lr=0.001000 train_ppl=119.883736 time=228.23s
2019-04-15 06:53:28,689 INFO: Epoch=0 iter=9216 lr=0.001000 train_ppl=119.745987 time=225.57s
2019-04-15 06:57:17,118 INFO: Epoch=0 iter=9248 lr=0.001000 train_ppl=119.569565 time=228.43s
2019-04-15 07:01:05,575 INFO: Epoch=0 iter=9280 lr=0.001000 train_ppl=119.393295 time=228.46s
2019-04-15 07:04:54,002 INFO: Epoch=0 iter=9312 lr=0.001000 train_ppl=119.231094 time=228.43s
2019-04-15 07:08:38,799 INFO: Epoch=0 iter=9344 lr=0.001000 train_ppl=119.072403 time=224.80s
2019-04-15 07:12:26,158 INFO: Epoch=0 iter=9376 lr=0.001000 train_ppl=118.906555 time=227.36s
2019-04-15 07:16:11,865 INFO: Epoch=0 iter=9408 lr=0.001000 train_ppl=118.758667 time=225.71s
2019-04-15 07:19:58,075 INFO: Epoch=0 iter=9440 lr=0.001000 train_ppl=118.582115 time=226.21s
2019-04-15 07:23:47,586 INFO: Epoch=0 iter=9472 lr=0.001000 train_ppl=118.424294 time=229.51s
2019-04-15 07:27:33,401 INFO: Epoch=0 iter=9504 lr=0.001000 train_ppl=118.300690 time=225.81s
2019-04-15 07:31:20,818 INFO: Epoch=0 iter=9536 lr=0.001000 train_ppl=118.159187 time=227.42s
2019-04-15 07:35:06,148 INFO: Epoch=0 iter=9568 lr=0.001000 train_ppl=117.978012 time=225.33s
2019-04-15 07:38:48,632 INFO: Epoch=0 iter=9600 lr=0.001000 train_ppl=117.812569 time=222.48s
2019-04-15 07:42:34,531 INFO: Epoch=0 iter=9632 lr=0.001000 train_ppl=117.654366 time=225.90s
2019-04-15 07:46:24,508 INFO: Epoch=0 iter=9664 lr=0.001000 train_ppl=117.511452 time=229.98s
2019-04-15 07:50:10,366 INFO: Epoch=0 iter=9696 lr=0.001000 train_ppl=117.326347 time=225.86s
2019-04-15 07:53:58,591 INFO: Epoch=0 iter=9728 lr=0.001000 train_ppl=117.194000 time=228.22s
2019-04-15 07:57:44,734 INFO: Epoch=0 iter=9760 lr=0.001000 train_ppl=117.034286 time=226.14s
2019-04-15 08:01:31,986 INFO: Epoch=0 iter=9792 lr=0.001000 train_ppl=116.884094 time=227.25s
2019-04-15 08:05:18,316 INFO: Epoch=0 iter=9824 lr=0.001000 train_ppl=116.705490 time=226.33s
2019-04-15 08:09:05,302 INFO: Epoch=0 iter=9856 lr=0.001000 train_ppl=116.556335 time=226.99s
2019-04-15 08:12:53,511 INFO: Epoch=0 iter=9888 lr=0.001000 train_ppl=116.425293 time=228.21s
2019-04-15 08:16:39,138 INFO: Epoch=0 iter=9920 lr=0.001000 train_ppl=116.266411 time=225.63s
2019-04-15 08:20:27,371 INFO: Epoch=0 iter=9952 lr=0.001000 train_ppl=116.122681 time=228.23s
2019-04-15 08:24:13,599 INFO: Epoch=0 iter=9984 lr=0.001000 train_ppl=115.976044 time=226.23s
2019-04-15 08:27:58,884 INFO: Epoch=0 iter=10016 lr=0.001000 train_ppl=115.820862 time=225.28s
2019-04-15 08:31:45,780 INFO: Epoch=0 iter=10048 lr=0.001000 train_ppl=115.675537 time=226.90s
2019-04-15 08:35:31,077 INFO: Epoch=0 iter=10080 lr=0.001000 train_ppl=115.551437 time=225.30s
2019-04-15 08:39:17,964 INFO: Epoch=0 iter=10112 lr=0.001000 train_ppl=115.400734 time=226.89s
2019-04-15 08:43:04,005 INFO: Epoch=0 iter=10144 lr=0.001000 train_ppl=115.247147 time=226.04s
2019-04-15 08:46:49,661 INFO: Epoch=0 iter=10176 lr=0.001000 train_ppl=115.093262 time=225.66s
2019-04-15 08:50:34,871 INFO: Epoch=0 iter=10208 lr=0.001000 train_ppl=114.956635 time=225.21s
2019-04-15 08:54:23,803 INFO: Epoch=0 iter=10240 lr=0.001000 train_ppl=114.823456 time=228.93s
2019-04-15 08:58:07,969 INFO: Epoch=0 iter=10272 lr=0.001000 train_ppl=114.700882 time=224.17s
2019-04-15 09:01:56,145 INFO: Epoch=0 iter=10304 lr=0.001000 train_ppl=114.557892 time=228.18s
2019-04-15 09:05:42,089 INFO: Epoch=0 iter=10336 lr=0.001000 train_ppl=114.424080 time=225.94s
2019-04-15 09:09:28,130 INFO: Epoch=0 iter=10368 lr=0.001000 train_ppl=114.282471 time=226.04s
2019-04-15 09:13:16,484 INFO: Epoch=0 iter=10400 lr=0.001000 train_ppl=114.139572 time=228.35s
2019-04-15 09:17:04,010 INFO: Epoch=0 iter=10432 lr=0.001000 train_ppl=114.021690 time=227.53s
2019-04-15 09:20:50,778 INFO: Epoch=0 iter=10464 lr=0.001000 train_ppl=113.883080 time=226.77s
2019-04-15 09:24:38,349 INFO: Epoch=0 iter=10496 lr=0.001000 train_ppl=113.752060 time=227.57s
2019-04-15 09:28:26,340 INFO: Epoch=0 iter=10528 lr=0.001000 train_ppl=113.633987 time=227.99s
2019-04-15 09:32:15,097 INFO: Epoch=0 iter=10560 lr=0.001000 train_ppl=113.489998 time=228.76s
2019-04-15 09:36:04,805 INFO: Epoch=0 iter=10592 lr=0.001000 train_ppl=113.350410 time=229.71s
2019-04-15 09:39:53,271 INFO: Epoch=0 iter=10624 lr=0.001000 train_ppl=113.206566 time=228.47s
2019-04-15 09:43:40,893 INFO: Epoch=0 iter=10656 lr=0.001000 train_ppl=113.091537 time=227.62s
2019-04-15 09:47:30,477 INFO: Epoch=0 iter=10688 lr=0.001000 train_ppl=112.961166 time=229.58s
2019-04-15 09:51:19,082 INFO: Epoch=0 iter=10720 lr=0.001000 train_ppl=112.806358 time=228.60s
2019-04-15 09:55:07,080 INFO: Epoch=0 iter=10752 lr=0.001000 train_ppl=112.697433 time=228.00s
2019-04-15 09:58:55,415 INFO: Epoch=0 iter=10784 lr=0.001000 train_ppl=112.576584 time=228.33s
2019-04-15 10:02:43,148 INFO: Epoch=0 iter=10816 lr=0.001000 train_ppl=112.476357 time=227.73s
2019-04-15 10:06:30,987 INFO: Epoch=0 iter=10848 lr=0.001000 train_ppl=112.351837 time=227.84s
2019-04-15 10:10:19,214 INFO: Epoch=0 iter=10880 lr=0.001000 train_ppl=112.233658 time=228.23s
2019-04-15 10:14:06,762 INFO: Epoch=0 iter=10912 lr=0.001000 train_ppl=112.103691 time=227.55s
2019-04-15 10:17:53,610 INFO: Epoch=0 iter=10944 lr=0.001000 train_ppl=111.989998 time=226.85s
2019-04-15 10:21:40,652 INFO: Epoch=0 iter=10976 lr=0.001000 train_ppl=111.856735 time=227.04s
2019-04-15 10:25:28,634 INFO: Epoch=0 iter=11008 lr=0.001000 train_ppl=111.736038 time=227.98s
2019-04-15 10:29:20,575 INFO: Epoch=0 iter=11040 lr=0.001000 train_ppl=111.596214 time=231.94s
2019-04-15 10:33:08,546 INFO: Epoch=0 iter=11072 lr=0.001000 train_ppl=111.466560 time=227.97s
2019-04-15 10:36:55,420 INFO: Epoch=0 iter=11104 lr=0.001000 train_ppl=111.356323 time=226.87s
2019-04-15 10:40:38,249 INFO: Epoch=0 iter=11136 lr=0.001000 train_ppl=111.245934 time=222.83s
2019-04-15 10:44:25,739 INFO: Epoch=0 iter=11168 lr=0.001000 train_ppl=111.114403 time=227.49s
2019-04-15 10:48:12,113 INFO: Epoch=0 iter=11200 lr=0.001000 train_ppl=111.002556 time=226.37s
2019-04-15 10:51:58,244 INFO: Epoch=0 iter=11232 lr=0.001000 train_ppl=110.872269 time=226.13s
2019-04-15 10:55:45,929 INFO: Epoch=0 iter=11264 lr=0.001000 train_ppl=110.767899 time=227.68s
2019-04-15 10:59:32,881 INFO: Epoch=0 iter=11296 lr=0.001000 train_ppl=110.640053 time=226.95s
2019-04-15 11:03:20,019 INFO: Epoch=0 iter=11328 lr=0.001000 train_ppl=110.538857 time=227.14s
2019-04-15 11:07:10,518 INFO: Epoch=0 iter=11360 lr=0.001000 train_ppl=110.438019 time=230.50s
2019-04-15 11:10:59,676 INFO: Epoch=0 iter=11392 lr=0.001000 train_ppl=110.312279 time=229.16s
2019-04-15 11:14:45,842 INFO: Epoch=0 iter=11424 lr=0.001000 train_ppl=110.183113 time=226.16s
2019-04-15 11:18:34,921 INFO: Epoch=0 iter=11456 lr=0.001000 train_ppl=110.068954 time=229.08s
2019-04-15 11:22:24,831 INFO: Epoch=0 iter=11488 lr=0.001000 train_ppl=109.932312 time=229.91s
2019-04-15 11:26:17,921 INFO: Epoch=0 iter=11520 lr=0.001000 train_ppl=109.815849 time=233.09s
2019-04-15 11:30:06,432 INFO: Epoch=0 iter=11552 lr=0.001000 train_ppl=109.693802 time=228.51s
2019-04-15 11:33:54,469 INFO: Epoch=0 iter=11584 lr=0.001000 train_ppl=109.604240 time=228.04s
2019-04-15 11:37:41,651 INFO: Epoch=0 iter=11616 lr=0.001000 train_ppl=109.513390 time=227.18s
2019-04-15 11:41:32,302 INFO: Epoch=0 iter=11648 lr=0.001000 train_ppl=109.396896 time=230.65s
2019-04-15 11:45:19,176 INFO: Epoch=0 iter=11680 lr=0.001000 train_ppl=109.285583 time=226.87s
2019-04-15 11:49:09,150 INFO: Epoch=0 iter=11712 lr=0.001000 train_ppl=109.180367 time=229.97s
2019-04-15 11:52:57,833 INFO: Epoch=0 iter=11744 lr=0.001000 train_ppl=109.048370 time=228.68s
2019-04-15 11:56:45,070 INFO: Epoch=0 iter=11776 lr=0.001000 train_ppl=108.928215 time=227.24s
2019-04-15 12:00:29,135 INFO: Epoch=0 iter=11808 lr=0.001000 train_ppl=108.824120 time=224.06s
2019-04-15 12:04:13,598 INFO: Epoch=0 iter=11840 lr=0.001000 train_ppl=108.707016 time=224.46s
2019-04-15 12:08:01,394 INFO: Epoch=0 iter=11872 lr=0.001000 train_ppl=108.603760 time=227.80s
2019-04-15 12:11:47,815 INFO: Epoch=0 iter=11904 lr=0.001000 train_ppl=108.470230 time=226.42s
2019-04-15 12:15:32,387 INFO: Epoch=0 iter=11936 lr=0.001000 train_ppl=108.373497 time=224.57s
2019-04-15 12:19:18,253 INFO: Epoch=0 iter=11968 lr=0.001000 train_ppl=108.277374 time=225.86s
2019-04-15 12:23:06,836 INFO: Epoch=0 iter=12000 lr=0.001000 train_ppl=108.160385 time=228.58s
2019-04-15 12:26:52,315 INFO: Epoch=0 iter=12032 lr=0.001000 train_ppl=108.042503 time=225.48s
2019-04-15 12:30:39,594 INFO: Epoch=0 iter=12064 lr=0.001000 train_ppl=107.935654 time=227.28s
2019-04-15 12:34:25,766 INFO: Epoch=0 iter=12096 lr=0.001000 train_ppl=107.814568 time=226.17s
2019-04-15 12:38:13,731 INFO: Epoch=0 iter=12128 lr=0.001000 train_ppl=107.725609 time=227.96s
2019-04-15 12:42:03,368 INFO: Epoch=0 iter=12160 lr=0.001000 train_ppl=107.596909 time=229.64s
2019-04-15 12:45:52,904 INFO: Epoch=0 iter=12192 lr=0.001000 train_ppl=107.503677 time=229.54s
2019-04-15 12:49:37,106 INFO: Epoch=0 iter=12224 lr=0.001000 train_ppl=107.379745 time=224.20s
2019-04-15 12:53:20,737 INFO: Epoch=0 iter=12256 lr=0.001000 train_ppl=107.282196 time=223.63s
2019-04-15 12:57:11,800 INFO: Epoch=0 iter=12288 lr=0.001000 train_ppl=107.187195 time=231.06s
2019-04-15 13:01:00,553 INFO: Epoch=0 iter=12320 lr=0.001000 train_ppl=107.064445 time=228.75s
2019-04-15 13:04:50,111 INFO: Epoch=0 iter=12352 lr=0.001000 train_ppl=106.958153 time=229.56s
2019-04-15 13:08:37,228 INFO: Epoch=0 iter=12384 lr=0.001000 train_ppl=106.844429 time=227.12s
2019-04-15 13:12:26,034 INFO: Epoch=0 iter=12416 lr=0.001000 train_ppl=106.732254 time=228.81s
2019-04-15 13:16:11,767 INFO: Epoch=0 iter=12448 lr=0.001000 train_ppl=106.627563 time=225.73s
2019-04-15 13:19:58,557 INFO: Epoch=0 iter=12480 lr=0.001000 train_ppl=106.529884 time=226.79s
2019-04-15 13:23:43,138 INFO: Epoch=0 iter=12512 lr=0.001000 train_ppl=106.420731 time=224.58s
2019-04-15 13:27:29,720 INFO: Epoch=0 iter=12544 lr=0.001000 train_ppl=106.324203 time=226.58s
2019-04-15 13:31:19,697 INFO: Epoch=0 iter=12576 lr=0.001000 train_ppl=106.216980 time=229.98s
2019-04-15 13:35:08,860 INFO: Epoch=0 iter=12608 lr=0.001000 train_ppl=106.098984 time=229.16s
2019-04-15 13:38:58,021 INFO: Epoch=0 iter=12640 lr=0.001000 train_ppl=105.994766 time=229.16s
2019-04-15 13:42:44,448 INFO: Epoch=0 iter=12672 lr=0.001000 train_ppl=105.887566 time=226.43s
2019-04-15 13:46:25,979 INFO: Epoch=0 iter=12704 lr=0.001000 train_ppl=105.807114 time=221.53s
2019-04-15 13:50:12,787 INFO: Epoch=0 iter=12736 lr=0.001000 train_ppl=105.701370 time=226.81s
2019-04-15 13:54:01,359 INFO: Epoch=0 iter=12768 lr=0.001000 train_ppl=105.596786 time=228.57s
2019-04-15 13:57:46,063 INFO: Epoch=0 iter=12800 lr=0.001000 train_ppl=105.505486 time=224.70s
2019-04-15 14:01:34,734 INFO: Epoch=0 iter=12832 lr=0.001000 train_ppl=105.413208 time=228.67s
2019-04-15 14:05:23,860 INFO: Epoch=0 iter=12864 lr=0.001000 train_ppl=105.321617 time=229.12s
2019-04-15 14:09:13,831 INFO: Epoch=0 iter=12896 lr=0.001000 train_ppl=105.227043 time=229.97s
2019-04-15 14:12:58,622 INFO: Epoch=0 iter=12928 lr=0.001000 train_ppl=105.131851 time=224.79s
2019-04-15 14:16:45,460 INFO: Epoch=0 iter=12960 lr=0.001000 train_ppl=105.028831 time=226.84s
2019-04-15 14:20:33,519 INFO: Epoch=0 iter=12992 lr=0.001000 train_ppl=104.925064 time=228.06s
2019-04-15 14:24:20,610 INFO: Epoch=0 iter=13024 lr=0.001000 train_ppl=104.846893 time=227.09s
2019-04-15 14:28:03,963 INFO: Epoch=0 iter=13056 lr=0.001000 train_ppl=104.741806 time=223.35s
2019-04-15 14:31:51,301 INFO: Epoch=0 iter=13088 lr=0.001000 train_ppl=104.644157 time=227.34s
2019-04-15 14:35:38,317 INFO: Epoch=0 iter=13120 lr=0.001000 train_ppl=104.545204 time=227.02s
2019-04-15 14:39:26,222 INFO: Epoch=0 iter=13152 lr=0.001000 train_ppl=104.438377 time=227.90s
2019-04-15 14:43:15,108 INFO: Epoch=0 iter=13184 lr=0.001000 train_ppl=104.344299 time=228.89s
2019-04-15 14:47:03,727 INFO: Epoch=0 iter=13216 lr=0.001000 train_ppl=104.248070 time=228.62s
2019-04-15 14:50:48,235 INFO: Epoch=0 iter=13248 lr=0.001000 train_ppl=104.162453 time=224.51s
2019-04-15 14:54:34,694 INFO: Epoch=0 iter=13280 lr=0.001000 train_ppl=104.082771 time=226.46s
2019-04-15 14:58:25,979 INFO: Epoch=0 iter=13312 lr=0.001000 train_ppl=103.984940 time=231.28s
2019-04-15 15:02:12,760 INFO: Epoch=0 iter=13344 lr=0.001000 train_ppl=103.909599 time=226.78s
2019-04-15 15:05:58,242 INFO: Epoch=0 iter=13376 lr=0.001000 train_ppl=103.824860 time=225.48s
2019-04-15 15:09:46,559 INFO: Epoch=0 iter=13408 lr=0.001000 train_ppl=103.725647 time=228.32s
2019-04-15 15:13:31,856 INFO: Epoch=0 iter=13440 lr=0.001000 train_ppl=103.635422 time=225.30s
2019-04-15 15:17:20,312 INFO: Epoch=0 iter=13472 lr=0.001000 train_ppl=103.531746 time=228.46s
2019-04-15 15:21:05,885 INFO: Epoch=0 iter=13504 lr=0.001000 train_ppl=103.457077 time=225.57s
2019-04-15 15:24:49,992 INFO: Epoch=0 iter=13536 lr=0.001000 train_ppl=103.366249 time=224.11s
2019-04-15 15:28:37,279 INFO: Epoch=0 iter=13568 lr=0.001000 train_ppl=103.280518 time=227.29s
2019-04-15 15:32:23,805 INFO: Epoch=0 iter=13600 lr=0.001000 train_ppl=103.182220 time=226.53s
2019-04-15 15:36:12,885 INFO: Epoch=0 iter=13632 lr=0.001000 train_ppl=103.095268 time=229.08s
2019-04-15 15:40:00,022 INFO: Epoch=0 iter=13664 lr=0.001000 train_ppl=103.005638 time=227.14s
2019-04-15 15:43:45,395 INFO: Epoch=0 iter=13696 lr=0.001000 train_ppl=102.920898 time=225.37s
2019-04-15 15:47:33,269 INFO: Epoch=0 iter=13728 lr=0.001000 train_ppl=102.845886 time=227.87s
2019-04-15 15:51:18,288 INFO: Epoch=0 iter=13760 lr=0.001000 train_ppl=102.762062 time=225.02s
2019-04-15 15:55:07,021 INFO: Epoch=0 iter=13792 lr=0.001000 train_ppl=102.685257 time=228.73s
2019-04-15 15:58:54,863 INFO: Epoch=0 iter=13824 lr=0.001000 train_ppl=102.602737 time=227.84s
2019-04-15 16:02:46,222 INFO: Epoch=0 iter=13856 lr=0.001000 train_ppl=102.512466 time=231.36s
2019-04-15 16:06:33,350 INFO: Epoch=0 iter=13888 lr=0.001000 train_ppl=102.422073 time=227.13s
2019-04-15 16:10:20,573 INFO: Epoch=0 iter=13920 lr=0.001000 train_ppl=102.319466 time=227.22s
2019-04-15 16:14:11,333 INFO: Epoch=0 iter=13952 lr=0.001000 train_ppl=102.246887 time=230.76s
2019-04-15 16:18:02,518 INFO: Epoch=0 iter=13984 lr=0.001000 train_ppl=102.164627 time=231.18s
2019-04-15 16:21:54,152 INFO: Epoch=0 iter=14016 lr=0.001000 train_ppl=102.066414 time=231.63s
2019-04-15 16:25:46,026 INFO: Epoch=0 iter=14048 lr=0.001000 train_ppl=102.002869 time=231.87s
2019-04-15 16:29:37,708 INFO: Epoch=0 iter=14080 lr=0.001000 train_ppl=101.919586 time=231.68s
2019-04-15 16:33:25,785 INFO: Epoch=0 iter=14112 lr=0.001000 train_ppl=101.823891 time=228.08s
2019-04-15 16:37:12,841 INFO: Epoch=0 iter=14144 lr=0.001000 train_ppl=101.750648 time=227.06s
2019-04-15 16:40:59,465 INFO: Epoch=0 iter=14176 lr=0.001000 train_ppl=101.672951 time=226.62s
2019-04-15 16:44:47,627 INFO: Epoch=0 iter=14208 lr=0.001000 train_ppl=101.584320 time=228.16s
2019-04-15 16:48:34,956 INFO: Epoch=0 iter=14240 lr=0.001000 train_ppl=101.488503 time=227.33s
2019-04-15 16:52:21,801 INFO: Epoch=0 iter=14272 lr=0.001000 train_ppl=101.413185 time=226.84s
2019-04-15 16:56:09,093 INFO: Epoch=0 iter=14304 lr=0.001000 train_ppl=101.331779 time=227.29s
2019-04-15 16:59:57,117 INFO: Epoch=0 iter=14336 lr=0.001000 train_ppl=101.259811 time=228.02s
2019-04-15 17:03:47,422 INFO: Epoch=0 iter=14368 lr=0.001000 train_ppl=101.164497 time=230.30s
2019-04-15 17:07:33,415 INFO: Epoch=0 iter=14400 lr=0.001000 train_ppl=101.093994 time=225.99s
2019-04-15 17:11:23,079 INFO: Epoch=0 iter=14432 lr=0.001000 train_ppl=101.004562 time=229.66s
2019-04-15 17:15:13,443 INFO: Epoch=0 iter=14464 lr=0.001000 train_ppl=100.918007 time=230.36s
2019-04-15 17:19:04,526 INFO: Epoch=0 iter=14496 lr=0.001000 train_ppl=100.827240 time=231.08s
2019-04-15 17:22:52,440 INFO: Epoch=0 iter=14528 lr=0.001000 train_ppl=100.754768 time=227.91s
2019-04-15 17:26:40,233 INFO: Epoch=0 iter=14560 lr=0.001000 train_ppl=100.673889 time=227.79s
2019-04-15 17:30:30,180 INFO: Epoch=0 iter=14592 lr=0.001000 train_ppl=100.593704 time=229.95s
2019-04-15 17:34:14,839 INFO: Epoch=0 iter=14624 lr=0.001000 train_ppl=100.517662 time=224.66s
2019-04-15 17:38:02,171 INFO: Epoch=0 iter=14656 lr=0.001000 train_ppl=100.431709 time=227.33s
2019-04-15 17:41:48,344 INFO: Epoch=0 iter=14688 lr=0.001000 train_ppl=100.346550 time=226.17s
2019-04-15 17:45:39,174 INFO: Epoch=0 iter=14720 lr=0.001000 train_ppl=100.267059 time=230.83s
2019-04-15 17:49:25,954 INFO: Epoch=0 iter=14752 lr=0.001000 train_ppl=100.182518 time=226.78s
2019-04-15 17:53:12,081 INFO: Epoch=0 iter=14784 lr=0.001000 train_ppl=100.106873 time=226.13s
2019-04-15 17:57:01,859 INFO: Epoch=0 iter=14816 lr=0.001000 train_ppl=100.027664 time=229.78s
2019-04-15 18:00:52,082 INFO: Epoch=0 iter=14848 lr=0.001000 train_ppl=99.950523 time=230.22s
2019-04-15 18:04:41,191 INFO: Epoch=0 iter=14880 lr=0.001000 train_ppl=99.881157 time=229.11s
2019-04-15 18:08:26,549 INFO: Epoch=0 iter=14912 lr=0.001000 train_ppl=99.788612 time=225.36s
2019-04-15 18:12:10,716 INFO: Epoch=0 iter=14944 lr=0.001000 train_ppl=99.712746 time=224.17s
2019-04-15 18:16:02,198 INFO: Epoch=0 iter=14976 lr=0.001000 train_ppl=99.638931 time=231.48s
2019-04-15 18:19:50,942 INFO: Epoch=0 iter=15008 lr=0.001000 train_ppl=99.560234 time=228.74s
2019-04-15 18:23:36,069 INFO: Epoch=0 iter=15040 lr=0.001000 train_ppl=99.495171 time=225.13s
2019-04-15 18:27:24,773 INFO: Epoch=0 iter=15072 lr=0.001000 train_ppl=99.409332 time=228.70s
2019-04-15 18:31:13,219 INFO: Epoch=0 iter=15104 lr=0.001000 train_ppl=99.353653 time=228.45s
2019-04-15 18:34:59,180 INFO: Epoch=0 iter=15136 lr=0.001000 train_ppl=99.269409 time=225.96s
2019-04-15 18:38:49,830 INFO: Epoch=0 iter=15168 lr=0.001000 train_ppl=99.195923 time=230.65s
2019-04-15 18:42:39,991 INFO: Epoch=0 iter=15200 lr=0.001000 train_ppl=99.116394 time=230.16s
2019-04-15 18:46:26,822 INFO: Epoch=0 iter=15232 lr=0.001000 train_ppl=99.033394 time=226.83s
2019-04-15 18:50:14,243 INFO: Epoch=0 iter=15264 lr=0.001000 train_ppl=98.960793 time=227.42s
2019-04-15 18:54:01,904 INFO: Epoch=0 iter=15296 lr=0.001000 train_ppl=98.879707 time=227.66s
2019-04-15 18:57:44,002 INFO: Epoch=0 iter=15328 lr=0.001000 train_ppl=98.814659 time=222.10s
2019-04-15 19:01:31,576 INFO: Epoch=0 iter=15360 lr=0.001000 train_ppl=98.728752 time=227.57s
2019-04-15 19:05:15,681 INFO: Epoch=0 iter=15392 lr=0.001000 train_ppl=98.661034 time=224.10s
2019-04-15 19:09:07,406 INFO: Epoch=0 iter=15424 lr=0.001000 train_ppl=98.589645 time=231.72s
2019-04-15 19:12:56,587 INFO: Epoch=0 iter=15456 lr=0.001000 train_ppl=98.528404 time=229.18s
2019-04-15 19:16:43,602 INFO: Epoch=0 iter=15488 lr=0.001000 train_ppl=98.449318 time=227.01s
2019-04-15 19:20:30,027 INFO: Epoch=0 iter=15520 lr=0.001000 train_ppl=98.377991 time=226.42s
2019-04-15 19:24:18,716 INFO: Epoch=0 iter=15552 lr=0.001000 train_ppl=98.294388 time=228.69s
2019-04-15 19:28:07,202 INFO: Epoch=0 iter=15584 lr=0.001000 train_ppl=98.209076 time=228.49s
2019-04-15 19:31:52,990 INFO: Epoch=0 iter=15616 lr=0.001000 train_ppl=98.126923 time=225.79s
2019-04-15 19:35:38,530 INFO: Epoch=0 iter=15648 lr=0.001000 train_ppl=98.056664 time=225.54s
2019-04-15 19:39:26,574 INFO: Epoch=0 iter=15680 lr=0.001000 train_ppl=97.990997 time=228.04s
2019-04-15 19:43:13,582 INFO: Epoch=0 iter=15712 lr=0.001000 train_ppl=97.918831 time=227.01s
